{
  "stats": {
    "suites": 1,
    "tests": 5,
    "passes": 5,
    "pending": 0,
    "failures": 0,
    "start": "2026-01-30T00:57:53.155Z",
    "end": "2026-01-30T00:58:30.559Z",
    "duration": 37404,
    "testsRegistered": 5,
    "passPercent": 100,
    "pendingPercent": 0,
    "other": 0,
    "hasOther": false,
    "skipped": 0,
    "hasSkipped": false
  },
  "results": [
    {
      "uuid": "d81852ec-f456-406c-805f-526eb32d6156",
      "title": "",
      "fullFile": "cypress\\e2e\\test.cy.js",
      "file": "cypress\\e2e\\test.cy.js",
      "beforeHooks": [],
      "afterHooks": [],
      "tests": [],
      "suites": [
        {
          "uuid": "513a465a-2c8e-427e-af13-0fbc679a3b50",
          "title": "template spec",
          "fullFile": "",
          "file": "",
          "beforeHooks": [],
          "afterHooks": [],
          "tests": [
            {
              "title": "should add one car",
              "fullTitle": "template spec should add one car",
              "timedOut": null,
              "duration": 8204,
              "state": "passed",
              "speed": "medium",
              "pass": true,
              "fail": false,
              "pending": false,
              "context": null,
              "code": "_garage.default.carForm('BMW', '3', 1).checkAddedCar(\"BMW\", '3');",
              "err": {},
              "uuid": "5a4294c1-075b-4053-a493-c609a494aabd",
              "parentUUID": "513a465a-2c8e-427e-af13-0fbc679a3b50",
              "isHook": false,
              "skipped": false
            },
            {
              "title": "should add several car",
              "fullTitle": "template spec should add several car",
              "timedOut": null,
              "duration": 7631,
              "state": "passed",
              "speed": "medium",
              "pass": true,
              "fail": false,
              "pending": false,
              "context": null,
              "code": "_garage.default.carForm('Audi', 'TT', 1).checkAddedCar(\"Audi\", 'TT').carForm('Ford', 'Focus', 1).checkAddedCar(\"Ford\", 'Focus');",
              "err": {},
              "uuid": "1a60d42d-f154-4bb0-a421-0d3dcc63431a",
              "parentUUID": "513a465a-2c8e-427e-af13-0fbc679a3b50",
              "isHook": false,
              "skipped": false
            },
            {
              "title": "should delete car",
              "fullTitle": "template spec should delete car",
              "timedOut": null,
              "duration": 7445,
              "state": "passed",
              "speed": "medium",
              "pass": true,
              "fail": false,
              "pending": false,
              "context": null,
              "code": "_garage.default.carForm('Audi', 'TT', 1).removeCar();",
              "err": {},
              "uuid": "1de88388-fe85-43ab-96ac-a6ce140c9310",
              "parentUUID": "513a465a-2c8e-427e-af13-0fbc679a3b50",
              "isHook": false,
              "skipped": false
            },
            {
              "title": "should add one expense",
              "fullTitle": "template spec should add one expense",
              "timedOut": null,
              "duration": 6120,
              "state": "passed",
              "speed": "medium",
              "pass": true,
              "fail": false,
              "pending": false,
              "context": null,
              "code": "_garage.default.carForm('Audi', 'TT', 1);\n_fuelExpenses.default.getPage().addExpenseBtn().expenseForm('Audi TT', '29.01.2026', 5, 10, 20).addBtn();",
              "err": {},
              "uuid": "95633171-2d96-478a-91dc-03832dfe4c32",
              "parentUUID": "513a465a-2c8e-427e-af13-0fbc679a3b50",
              "isHook": false,
              "skipped": false
            },
            {
              "title": "should delete one expense",
              "fullTitle": "template spec should delete one expense",
              "timedOut": null,
              "duration": 7104,
              "state": "passed",
              "speed": "medium",
              "pass": true,
              "fail": false,
              "pending": false,
              "context": null,
              "code": "_garage.default.carForm('BMW', '3', 1);\n_fuelExpenses.default.getPage().addExpenseBtn().expenseForm('BMW 3', '29.01.2026', 5, 10, 20).addBtn().deleteExpense();",
              "err": {},
              "uuid": "e6f4e1f9-b1ce-4e62-a643-8716d29edc67",
              "parentUUID": "513a465a-2c8e-427e-af13-0fbc679a3b50",
              "isHook": false,
              "skipped": false
            }
          ],
          "suites": [],
          "passes": [
            "5a4294c1-075b-4053-a493-c609a494aabd",
            "1a60d42d-f154-4bb0-a421-0d3dcc63431a",
            "1de88388-fe85-43ab-96ac-a6ce140c9310",
            "95633171-2d96-478a-91dc-03832dfe4c32",
            "e6f4e1f9-b1ce-4e62-a643-8716d29edc67"
          ],
          "failures": [],
          "pending": [],
          "skipped": [],
          "duration": 36504,
          "root": false,
          "rootEmpty": false,
          "_timeout": 2000
        }
      ],
      "passes": [],
      "failures": [],
      "pending": [],
      "skipped": [],
      "duration": 0,
      "root": true,
      "rootEmpty": true,
      "_timeout": 2000
    }
  ],
  "meta": {
    "mocha": {
      "version": "7.2.0"
    },
    "mochawesome": {
      "options": {
        "quiet": false,
        "reportFilename": "mochawesome",
        "saveHtml": true,
        "saveJson": true,
        "consoleReporter": "spec",
        "useInlineDiffs": false,
        "code": true
      },
      "version": "7.1.4"
    },
    "marge": {
      "options": {
        "reportDir": "cypress/results/qauto",
        "overwrite": false,
        "html": true,
        "json": true
      },
      "version": "6.3.2"
    }
  }
}